# JRE version: OpenJDK Runtime Environment Temurin-17.0.12+7 (17.0.12+7) (build 17.0.12+7)
# Java VM: OpenJDK 64-Bit Server VM Temurin-17.0.12+7 (17.0.12+7, mixed mode, emulated-client, tiered, compressed oops, compressed class ptrs, g1 gc, windows-amd64)
GC Precious Log:
 CPUs: 16 total, 16 available
 Memory: 15789M
 Large Page Support: Disabled
 NUMA Support: Disabled
 Compressed Oops: Enabled (32-bit)
 Heap Region Size: 1M
 Heap Min Capacity: 8M
 Heap Initial Capacity: 248M
 Heap Max Capacity: 1G
 Pre-touch: Disabled
 Parallel Workers: 13
 Concurrent Workers: 3
 Concurrent Refinement Workers: 13
 Periodic GC: Disabled
Heap:
 garbage-first heap   total 89088K, used 25299K [0x00000000c0000000, 0x0000000100000000)
  region size 1024K, 1 young (1024K), 0 survivors (0K)
 Metaspace       used 40160K, committed 40704K, reserved 1114112K
  class space    used 5068K, committed 5248K, reserved 1048576K
GC Heap History (20 events):
Event: 762.035 GC heap after
{Heap after GC invocations=81 (full 72):
 garbage-first heap   total 89088K, used 25299K [0x00000000c0000000, 0x0000000100000000)
  region size 1024K, 0 young (0K), 0 survivors (0K)
 Metaspace       used 40160K, committed 40704K, reserved 1114112K
  class space    used 5068K, committed 5248K, reserved 1048576K
}
Event: 772.166 GC heap before
{Heap before GC invocations=81 (full 72):
 garbage-first heap   total 89088K, used 25299K [0x00000000c0000000, 0x0000000100000000)
  region size 1024K, 1 young (1024K), 0 survivors (0K)
 Metaspace       used 40160K, committed 40704K, reserved 1114112K
  class space    used 5068K, committed 5248K, reserved 1048576K
}
Event: 772.186 GC heap after
{Heap after GC invocations=82 (full 73):
 garbage-first heap   total 89088K, used 25299K [0x00000000c0000000, 0x0000000100000000)
  region size 1024K, 0 young (0K), 0 survivors (0K)
 Metaspace       used 40160K, committed 40704K, reserved 1114112K
  class space    used 5068K, committed 5248K, reserved 1048576K
}
Event: 782.308 GC heap before
{Heap before GC invocations=82 (full 73):
 garbage-first heap   total 89088K, used 25299K [0x00000000c0000000, 0x0000000100000000)
  region size 1024K, 1 young (1024K), 0 survivors (0K)
 Metaspace       used 40160K, committed 40704K, reserved 1114112K
  class space    used 5068K, committed 5248K, reserved 1048576K
}
Event: 782.325 GC heap after
{Heap after GC invocations=83 (full 74):
 garbage-first heap   total 89088K, used 25299K [0x00000000c0000000, 0x0000000100000000)
  region size 1024K, 0 young (0K), 0 survivors (0K)
 Metaspace       used 40160K, committed 40704K, reserved 1114112K
  class space    used 5068K, committed 5248K, reserved 1048576K
}
Event: 792.435 GC heap before
{Heap before GC invocations=83 (full 74):
 garbage-first heap   total 89088K, used 25299K [0x00000000c0000000, 0x0000000100000000)
  region size 1024K, 1 young (1024K), 0 survivors (0K)
 Metaspace       used 40160K, committed 40704K, reserved 1114112K
  class space    used 5068K, committed 5248K, reserved 1048576K
}
Event: 792.450 GC heap after
{Heap after GC invocations=84 (full 75):
 garbage-first heap   total 89088K, used 25299K [0x00000000c0000000, 0x0000000100000000)
  region size 1024K, 0 young (0K), 0 survivors (0K)
 Metaspace       used 40160K, committed 40704K, reserved 1114112K
  class space    used 5068K, committed 5248K, reserved 1048576K
}
Event: 802.687 GC heap before
{Heap before GC invocations=84 (full 75):
 garbage-first heap   total 89088K, used 25299K [0x00000000c0000000, 0x0000000100000000)
  region size 1024K, 1 young (1024K), 0 survivors (0K)
 Metaspace       used 40160K, committed 40704K, reserved 1114112K
  class space    used 5068K, committed 5248K, reserved 1048576K
}
Event: 802.705 GC heap after
{Heap after GC invocations=85 (full 76):
 garbage-first heap   total 89088K, used 25299K [0x00000000c0000000, 0x0000000100000000)
  region size 1024K, 0 young (0K), 0 survivors (0K)
 Metaspace       used 40160K, committed 40704K, reserved 1114112K
  class space    used 5068K, committed 5248K, reserved 1048576K
}
Event: 812.889 GC heap before
{Heap before GC invocations=85 (full 76):
 garbage-first heap   total 89088K, used 25299K [0x00000000c0000000, 0x0000000100000000)
  region size 1024K, 1 young (1024K), 0 survivors (0K)
 Metaspace       used 40160K, committed 40704K, reserved 1114112K
  class space    used 5068K, committed 5248K, reserved 1048576K
}
Event: 812.910 GC heap after
{Heap after GC invocations=86 (full 77):
 garbage-first heap   total 89088K, used 25299K [0x00000000c0000000, 0x0000000100000000)
  region size 1024K, 0 young (0K), 0 survivors (0K)
 Metaspace       used 40160K, committed 40704K, reserved 1114112K
  class space    used 5068K, committed 5248K, reserved 1048576K
}
Event: 823.101 GC heap before
{Heap before GC invocations=86 (full 77):
 garbage-first heap   total 89088K, used 25299K [0x00000000c0000000, 0x0000000100000000)
  region size 1024K, 1 young (1024K), 0 survivors (0K)
 Metaspace       used 40160K, committed 40704K, reserved 1114112K
  class space    used 5068K, committed 5248K, reserved 1048576K
}
Event: 823.133 GC heap after
{Heap after GC invocations=87 (full 78):
 garbage-first heap   total 89088K, used 25299K [0x00000000c0000000, 0x0000000100000000)
  region size 1024K, 0 young (0K), 0 survivors (0K)
 Metaspace       used 40160K, committed 40704K, reserved 1114112K
  class space    used 5068K, committed 5248K, reserved 1048576K
}
Event: 833.396 GC heap before
{Heap before GC invocations=87 (full 78):
 garbage-first heap   total 89088K, used 25299K [0x00000000c0000000, 0x0000000100000000)
  region size 1024K, 1 young (1024K), 0 survivors (0K)
 Metaspace       used 40160K, committed 40704K, reserved 1114112K
  class space    used 5068K, committed 5248K, reserved 1048576K
}
Event: 833.426 GC heap after
{Heap after GC invocations=88 (full 79):
 garbage-first heap   total 89088K, used 25299K [0x00000000c0000000, 0x0000000100000000)
  region size 1024K, 0 young (0K), 0 survivors (0K)
 Metaspace       used 40160K, committed 40704K, reserved 1114112K
  class space    used 5068K, committed 5248K, reserved 1048576K
}
Event: 845.952 GC heap before
{Heap before GC invocations=88 (full 79):
 garbage-first heap   total 89088K, used 25299K [0x00000000c0000000, 0x0000000100000000)
  region size 1024K, 1 young (1024K), 0 survivors (0K)
 Metaspace       used 40160K, committed 40704K, reserved 1114112K
  class space    used 5068K, committed 5248K, reserved 1048576K
}
Event: 845.975 GC heap after
{Heap after GC invocations=89 (full 80):
 garbage-first heap   total 89088K, used 25299K [0x00000000c0000000, 0x0000000100000000)
  region size 1024K, 0 young (0K), 0 survivors (0K)
 Metaspace       used 40160K, committed 40704K, reserved 1114112K
  class space    used 5068K, committed 5248K, reserved 1048576K
}
Event: 858.081 GC heap before
{Heap before GC invocations=89 (full 80):
 garbage-first heap   total 89088K, used 25299K [0x00000000c0000000, 0x0000000100000000)
  region size 1024K, 1 young (1024K), 0 survivors (0K)
 Metaspace       used 40160K, committed 40704K, reserved 1114112K
  class space    used 5068K, committed 5248K, reserved 1048576K
}
Event: 858.107 GC heap after
{Heap after GC invocations=90 (full 81):
 garbage-first heap   total 89088K, used 25299K [0x00000000c0000000, 0x0000000100000000)
  region size 1024K, 0 young (0K), 0 survivors (0K)
 Metaspace       used 40160K, committed 40704K, reserved 1114112K
  class space    used 5068K, committed 5248K, reserved 1048576K
}
Event: 869.092 GC heap before
{Heap before GC invocations=90 (full 81):
 garbage-first heap   total 89088K, used 25299K [0x00000000c0000000, 0x0000000100000000)
  region size 1024K, 1 young (1024K), 0 survivors (0K)
 Metaspace       used 40160K, committed 40704K, reserved 1114112K
  class space    used 5068K, committed 5248K, reserved 1048576K
}

